This file contains any messages produced by compilers while
running configure, to aid debugging if configure makes a mistake.

It was created by configure, which was
generated by GNU Autoconf 2.69.  Invocation command line was

  $ ./configure 

## --------- ##
## Platform. ##
## --------- ##

hostname = yurongyou
uname -m = x86_64
uname -r = 4.4.0-38-generic
uname -s = Linux
uname -v = #57-Ubuntu SMP Tue Sep 6 15:42:33 UTC 2016

/usr/bin/uname -p = unknown
/bin/uname -X     = unknown

/bin/arch              = unknown
/usr/bin/arch -k       = unknown
/usr/convex/getsysinfo = unknown
/usr/bin/hostinfo      = unknown
/bin/machine           = unknown
/usr/bin/oslevel       = unknown
/bin/universe          = unknown

PATH: /home/ficos/torch/install/bin
PATH: /home/ficos/torch/install/bin
PATH: /usr/local/sbin
PATH: /usr/local/bin
PATH: /usr/sbin
PATH: /usr/bin
PATH: /sbin
PATH: /bin
PATH: /usr/games
PATH: /usr/local/games
PATH: /snap/bin


## ----------- ##
## Core tests. ##
## ----------- ##

configure:2302: checking for a BSD-compatible install
configure:2370: result: /usr/bin/install -c
configure:2381: checking whether build environment is sane
configure:2436: result: yes
configure:2587: checking for a thread-safe mkdir -p
configure:2626: result: /bin/mkdir -p
configure:2633: checking for gawk
configure:2663: result: no
configure:2633: checking for mawk
configure:2649: found /usr/bin/mawk
configure:2660: result: mawk
configure:2671: checking whether make sets $(MAKE)
configure:2693: result: yes
configure:2824: checking for gcc
configure:2840: found /usr/bin/gcc
configure:2851: result: gcc
configure:3080: checking for C compiler version
configure:3089: gcc --version >&5
gcc (Ubuntu 5.4.0-6ubuntu1~16.04.2) 5.4.0 20160609
Copyright (C) 2015 Free Software Foundation, Inc.
This is free software; see the source for copying conditions.  There is NO
warranty; not even for MERCHANTABILITY or FITNESS FOR A PARTICULAR PURPOSE.

configure:3100: $? = 0
configure:3089: gcc -v >&5
Using built-in specs.
COLLECT_GCC=gcc
COLLECT_LTO_WRAPPER=/usr/lib/gcc/x86_64-linux-gnu/5/lto-wrapper
Target: x86_64-linux-gnu
Configured with: ../src/configure -v --with-pkgversion='Ubuntu 5.4.0-6ubuntu1~16.04.2' --with-bugurl=file:///usr/share/doc/gcc-5/README.Bugs --enable-languages=c,ada,c++,java,go,d,fortran,objc,obj-c++ --prefix=/usr --program-suffix=-5 --enable-shared --enable-linker-build-id --libexecdir=/usr/lib --without-included-gettext --enable-threads=posix --libdir=/usr/lib --enable-nls --with-sysroot=/ --enable-clocale=gnu --enable-libstdcxx-debug --enable-libstdcxx-time=yes --with-default-libstdcxx-abi=new --enable-gnu-unique-object --disable-vtable-verify --enable-libmpx --enable-plugin --with-system-zlib --disable-browser-plugin --enable-java-awt=gtk --enable-gtk-cairo --with-java-home=/usr/lib/jvm/java-1.5.0-gcj-5-amd64/jre --enable-java-home --with-jvm-root-dir=/usr/lib/jvm/java-1.5.0-gcj-5-amd64 --with-jvm-jar-dir=/usr/lib/jvm-exports/java-1.5.0-gcj-5-amd64 --with-arch-directory=amd64 --with-ecj-jar=/usr/share/java/eclipse-ecj.jar --enable-objc-gc --enable-multiarch --disable-werror --with-arch-32=i686 --with-abi=m64 --with-multilib-list=m32,m64,mx32 --enable-multilib --with-tune=generic --enable-checking=release --build=x86_64-linux-gnu --host=x86_64-linux-gnu --target=x86_64-linux-gnu
Thread model: posix
gcc version 5.4.0 20160609 (Ubuntu 5.4.0-6ubuntu1~16.04.2) 
configure:3100: $? = 0
configure:3089: gcc -V >&5
gcc: error: unrecognized command line option '-V'
gcc: fatal error: no input files
compilation terminated.
configure:3100: $? = 1
configure:3089: gcc -qversion >&5
gcc: error: unrecognized command line option '-qversion'
gcc: fatal error: no input files
compilation terminated.
configure:3100: $? = 1
configure:3120: checking whether the C compiler works
configure:3142: gcc    conftest.c  >&5
configure:3146: $? = 0
configure:3194: result: yes
configure:3197: checking for C compiler default output file name
configure:3199: result: a.out
configure:3205: checking for suffix of executables
configure:3212: gcc -o conftest    conftest.c  >&5
configure:3216: $? = 0
configure:3238: result: 
configure:3260: checking whether we are cross compiling
configure:3268: gcc -o conftest    conftest.c  >&5
configure:3272: $? = 0
configure:3279: ./conftest
configure:3283: $? = 0
configure:3298: result: no
configure:3303: checking for suffix of object files
configure:3325: gcc -c   conftest.c >&5
configure:3329: $? = 0
configure:3350: result: o
configure:3354: checking whether we are using the GNU C compiler
configure:3373: gcc -c   conftest.c >&5
configure:3373: $? = 0
configure:3382: result: yes
configure:3391: checking whether gcc accepts -g
configure:3411: gcc -c -g  conftest.c >&5
configure:3411: $? = 0
configure:3452: result: yes
configure:3469: checking for gcc option to accept ISO C89
configure:3532: gcc  -c -g -O2  conftest.c >&5
configure:3532: $? = 0
configure:3545: result: none needed
configure:3576: checking for style of include used by make
configure:3604: result: GNU
configure:3630: checking dependency style of gcc
configure:3741: result: none
configure:3761: checking how to run the C preprocessor
configure:3792: gcc -E  conftest.c
configure:3792: $? = 0
configure:3806: gcc -E  conftest.c
conftest.c:11:28: fatal error: ac_nonexistent.h: No such file or directory
compilation terminated.
configure:3806: $? = 1
configure: failed program was:
| /* confdefs.h */
| #define PACKAGE_NAME ""
| #define PACKAGE_TARNAME ""
| #define PACKAGE_VERSION ""
| #define PACKAGE_STRING ""
| #define PACKAGE_BUGREPORT ""
| #define PACKAGE_URL ""
| #define PACKAGE "torcs"
| #define VERSION "1.3.6"
| /* end confdefs.h.  */
| #include <ac_nonexistent.h>
configure:3831: result: gcc -E
configure:3851: gcc -E  conftest.c
configure:3851: $? = 0
configure:3865: gcc -E  conftest.c
conftest.c:11:28: fatal error: ac_nonexistent.h: No such file or directory
compilation terminated.
configure:3865: $? = 1
configure: failed program was:
| /* confdefs.h */
| #define PACKAGE_NAME ""
| #define PACKAGE_TARNAME ""
| #define PACKAGE_VERSION ""
| #define PACKAGE_STRING ""
| #define PACKAGE_BUGREPORT ""
| #define PACKAGE_URL ""
| #define PACKAGE "torcs"
| #define VERSION "1.3.6"
| /* end confdefs.h.  */
| #include <ac_nonexistent.h>
configure:3959: checking for g++
configure:3975: found /usr/bin/g++
configure:3986: result: g++
configure:4013: checking for C++ compiler version
configure:4022: g++ --version >&5
g++ (Ubuntu 5.4.0-6ubuntu1~16.04.2) 5.4.0 20160609
Copyright (C) 2015 Free Software Foundation, Inc.
This is free software; see the source for copying conditions.  There is NO
warranty; not even for MERCHANTABILITY or FITNESS FOR A PARTICULAR PURPOSE.

configure:4033: $? = 0
configure:4022: g++ -v >&5
Using built-in specs.
COLLECT_GCC=g++
COLLECT_LTO_WRAPPER=/usr/lib/gcc/x86_64-linux-gnu/5/lto-wrapper
Target: x86_64-linux-gnu
Configured with: ../src/configure -v --with-pkgversion='Ubuntu 5.4.0-6ubuntu1~16.04.2' --with-bugurl=file:///usr/share/doc/gcc-5/README.Bugs --enable-languages=c,ada,c++,java,go,d,fortran,objc,obj-c++ --prefix=/usr --program-suffix=-5 --enable-shared --enable-linker-build-id --libexecdir=/usr/lib --without-included-gettext --enable-threads=posix --libdir=/usr/lib --enable-nls --with-sysroot=/ --enable-clocale=gnu --enable-libstdcxx-debug --enable-libstdcxx-time=yes --with-default-libstdcxx-abi=new --enable-gnu-unique-object --disable-vtable-verify --enable-libmpx --enable-plugin --with-system-zlib --disable-browser-plugin --enable-java-awt=gtk --enable-gtk-cairo --with-java-home=/usr/lib/jvm/java-1.5.0-gcj-5-amd64/jre --enable-java-home --with-jvm-root-dir=/usr/lib/jvm/java-1.5.0-gcj-5-amd64 --with-jvm-jar-dir=/usr/lib/jvm-exports/java-1.5.0-gcj-5-amd64 --with-arch-directory=amd64 --with-ecj-jar=/usr/share/java/eclipse-ecj.jar --enable-objc-gc --enable-multiarch --disable-werror --with-arch-32=i686 --with-abi=m64 --with-multilib-list=m32,m64,mx32 --enable-multilib --with-tune=generic --enable-checking=release --build=x86_64-linux-gnu --host=x86_64-linux-gnu --target=x86_64-linux-gnu
Thread model: posix
gcc version 5.4.0 20160609 (Ubuntu 5.4.0-6ubuntu1~16.04.2) 
configure:4033: $? = 0
configure:4022: g++ -V >&5
g++: error: unrecognized command line option '-V'
g++: fatal error: no input files
compilation terminated.
configure:4033: $? = 1
configure:4022: g++ -qversion >&5
g++: error: unrecognized command line option '-qversion'
g++: fatal error: no input files
compilation terminated.
configure:4033: $? = 1
configure:4037: checking whether we are using the GNU C++ compiler
configure:4056: g++ -c   conftest.cpp >&5
configure:4056: $? = 0
configure:4065: result: yes
configure:4074: checking whether g++ accepts -g
configure:4094: g++ -c -g  conftest.cpp >&5
configure:4094: $? = 0
configure:4135: result: yes
configure:4160: checking dependency style of g++
configure:4271: result: none
configure:4329: checking for ranlib
configure:4345: found /usr/bin/ranlib
configure:4356: result: ranlib
configure:4386: checking how to run the C++ preprocessor
configure:4413: g++ -E  conftest.cpp
configure:4413: $? = 0
configure:4427: g++ -E  conftest.cpp
conftest.cpp:11:28: fatal error: ac_nonexistent.h: No such file or directory
compilation terminated.
configure:4427: $? = 1
configure: failed program was:
| /* confdefs.h */
| #define PACKAGE_NAME ""
| #define PACKAGE_TARNAME ""
| #define PACKAGE_VERSION ""
| #define PACKAGE_STRING ""
| #define PACKAGE_BUGREPORT ""
| #define PACKAGE_URL ""
| #define PACKAGE "torcs"
| #define VERSION "1.3.6"
| /* end confdefs.h.  */
| #include <ac_nonexistent.h>
configure:4452: result: g++ -E
configure:4472: g++ -E  conftest.cpp
configure:4472: $? = 0
configure:4486: g++ -E  conftest.cpp
conftest.cpp:11:28: fatal error: ac_nonexistent.h: No such file or directory
compilation terminated.
configure:4486: $? = 1
configure: failed program was:
| /* confdefs.h */
| #define PACKAGE_NAME ""
| #define PACKAGE_TARNAME ""
| #define PACKAGE_VERSION ""
| #define PACKAGE_STRING ""
| #define PACKAGE_BUGREPORT ""
| #define PACKAGE_URL ""
| #define PACKAGE "torcs"
| #define VERSION "1.3.6"
| /* end confdefs.h.  */
| #include <ac_nonexistent.h>
configure:4515: checking for grep that handles long lines and -e
configure:4573: result: /bin/grep
configure:4578: checking for egrep
configure:4640: result: /bin/grep -E
configure:4645: checking for ANSI C header files
configure:4665: g++ -c -g -O2  conftest.cpp >&5
configure:4665: $? = 0
configure:4738: g++ -o conftest -g -O2   conftest.cpp  >&5
configure:4738: $? = 0
configure:4738: ./conftest
configure:4738: $? = 0
configure:4749: result: yes
configure:4758: checking for an ANSI C-conforming const
configure:4824: g++ -c -g -O2  conftest.cpp >&5
configure:4824: $? = 0
configure:4831: result: yes
configure:4839: checking for inline
configure:4855: g++ -c -g -O2  conftest.cpp >&5
configure:4855: $? = 0
configure:4863: result: inline
configure:4881: checking whether time.h and sys/time.h may both be included
configure:4901: g++ -c -g -O2  conftest.cpp >&5
configure:4901: $? = 0
configure:4908: result: yes
configure:4919: checking for ar
configure:4947: result: ar
configure:4957: checking for ld
configure:4985: result: ld
configure:4999: checking for sys/types.h
configure:4999: g++ -c -g -O2  conftest.cpp >&5
configure:4999: $? = 0
configure:4999: result: yes
configure:4999: checking for sys/stat.h
configure:4999: g++ -c -g -O2  conftest.cpp >&5
configure:4999: $? = 0
configure:4999: result: yes
configure:4999: checking for stdlib.h
configure:4999: g++ -c -g -O2  conftest.cpp >&5
configure:4999: $? = 0
configure:4999: result: yes
configure:4999: checking for string.h
configure:4999: g++ -c -g -O2  conftest.cpp >&5
configure:4999: $? = 0
configure:4999: result: yes
configure:4999: checking for memory.h
configure:4999: g++ -c -g -O2  conftest.cpp >&5
configure:4999: $? = 0
configure:4999: result: yes
configure:4999: checking for strings.h
configure:4999: g++ -c -g -O2  conftest.cpp >&5
configure:4999: $? = 0
configure:4999: result: yes
configure:4999: checking for inttypes.h
configure:4999: g++ -c -g -O2  conftest.cpp >&5
configure:4999: $? = 0
configure:4999: result: yes
configure:4999: checking for stdint.h
configure:4999: g++ -c -g -O2  conftest.cpp >&5
configure:4999: $? = 0
configure:4999: result: yes
configure:4999: checking for unistd.h
configure:4999: g++ -c -g -O2  conftest.cpp >&5
configure:4999: $? = 0
configure:4999: result: yes
configure:5011: checking whether byte ordering is bigendian
configure:5026: g++ -c -g -O2  conftest.cpp >&5
conftest.cpp:23:9: error: expected unqualified-id before 'not' token
         not a universal capable compiler
         ^
configure:5026: $? = 1
configure: failed program was:
| /* confdefs.h */
| #define PACKAGE_NAME ""
| #define PACKAGE_TARNAME ""
| #define PACKAGE_VERSION ""
| #define PACKAGE_STRING ""
| #define PACKAGE_BUGREPORT ""
| #define PACKAGE_URL ""
| #define PACKAGE "torcs"
| #define VERSION "1.3.6"
| #define STDC_HEADERS 1
| #define TIME_WITH_SYS_TIME 1
| #define HAVE_SYS_TYPES_H 1
| #define HAVE_SYS_STAT_H 1
| #define HAVE_STDLIB_H 1
| #define HAVE_STRING_H 1
| #define HAVE_MEMORY_H 1
| #define HAVE_STRINGS_H 1
| #define HAVE_INTTYPES_H 1
| #define HAVE_STDINT_H 1
| #define HAVE_UNISTD_H 1
| /* end confdefs.h.  */
| #ifndef __APPLE_CC__
| 	       not a universal capable compiler
| 	     #endif
| 	     typedef int dummy;
| 
configure:5071: g++ -c -g -O2  conftest.cpp >&5
configure:5071: $? = 0
configure:5089: g++ -c -g -O2  conftest.cpp >&5
conftest.cpp: In function 'int main()':
conftest.cpp:29:8: error: 'big' was not declared in this scope
    not big endian
        ^
configure:5089: $? = 1
configure: failed program was:
| /* confdefs.h */
| #define PACKAGE_NAME ""
| #define PACKAGE_TARNAME ""
| #define PACKAGE_VERSION ""
| #define PACKAGE_STRING ""
| #define PACKAGE_BUGREPORT ""
| #define PACKAGE_URL ""
| #define PACKAGE "torcs"
| #define VERSION "1.3.6"
| #define STDC_HEADERS 1
| #define TIME_WITH_SYS_TIME 1
| #define HAVE_SYS_TYPES_H 1
| #define HAVE_SYS_STAT_H 1
| #define HAVE_STDLIB_H 1
| #define HAVE_STRING_H 1
| #define HAVE_MEMORY_H 1
| #define HAVE_STRINGS_H 1
| #define HAVE_INTTYPES_H 1
| #define HAVE_STDINT_H 1
| #define HAVE_UNISTD_H 1
| /* end confdefs.h.  */
| #include <sys/types.h>
| 		#include <sys/param.h>
| 
| int
| main ()
| {
| #if BYTE_ORDER != BIG_ENDIAN
| 		 not big endian
| 		#endif
| 
|   ;
|   return 0;
| }
configure:5217: result: no
configure:5236: checking for X
configure:5344: g++ -E  conftest.cpp
configure:5344: $? = 0
configure:5375: g++ -o conftest -g -O2   conftest.cpp -lX11  >&5
configure:5375: $? = 0
configure:5425: result: libraries , headers 
configure:5479: checking GL/gl.h usability
configure:5479: g++ -c -g -O2 -Wall -fPIC -fno-strict-aliasing -O2 -DUSE_RANDR_EXT -DGL_GLEXT_PROTOTYPES  conftest.cpp >&5
configure:5479: $? = 0
configure:5479: result: yes
configure:5479: checking GL/gl.h presence
configure:5479: g++ -E  conftest.cpp
configure:5479: $? = 0
configure:5479: result: yes
configure:5479: checking for GL/gl.h
configure:5479: result: yes
configure:5487: checking GL/glut.h usability
configure:5487: g++ -c -g -O2 -Wall -fPIC -fno-strict-aliasing -O2 -DUSE_RANDR_EXT -DGL_GLEXT_PROTOTYPES  conftest.cpp >&5
configure:5487: $? = 0
configure:5487: result: yes
configure:5487: checking GL/glut.h presence
configure:5487: g++ -E  conftest.cpp
configure:5487: $? = 0
configure:5487: result: yes
configure:5487: checking for GL/glut.h
configure:5487: result: yes
configure:5495: checking GL/glx.h usability
configure:5495: g++ -c -g -O2 -Wall -fPIC -fno-strict-aliasing -O2 -DUSE_RANDR_EXT -DGL_GLEXT_PROTOTYPES  conftest.cpp >&5
configure:5495: $? = 0
configure:5495: result: yes
configure:5495: checking GL/glx.h presence
configure:5495: g++ -E  conftest.cpp
configure:5495: $? = 0
configure:5495: result: yes
configure:5495: checking for GL/glx.h
configure:5495: result: yes
configure:5503: checking X11/Xlib.h usability
configure:5503: g++ -c -g -O2 -Wall -fPIC -fno-strict-aliasing -O2 -DUSE_RANDR_EXT -DGL_GLEXT_PROTOTYPES  conftest.cpp >&5
configure:5503: $? = 0
configure:5503: result: yes
configure:5503: checking X11/Xlib.h presence
configure:5503: g++ -E  conftest.cpp
configure:5503: $? = 0
configure:5503: result: yes
configure:5503: checking for X11/Xlib.h
configure:5503: result: yes
configure:5511: checking X11/Xatom.h usability
configure:5511: g++ -c -g -O2 -Wall -fPIC -fno-strict-aliasing -O2 -DUSE_RANDR_EXT -DGL_GLEXT_PROTOTYPES  conftest.cpp >&5
configure:5511: $? = 0
configure:5511: result: yes
configure:5511: checking X11/Xatom.h presence
configure:5511: g++ -E  conftest.cpp
configure:5511: $? = 0
configure:5511: result: yes
configure:5511: checking for X11/Xatom.h
configure:5511: result: yes
configure:5519: checking X11/keysym.h usability
configure:5519: g++ -c -g -O2 -Wall -fPIC -fno-strict-aliasing -O2 -DUSE_RANDR_EXT -DGL_GLEXT_PROTOTYPES  conftest.cpp >&5
configure:5519: $? = 0
configure:5519: result: yes
configure:5519: checking X11/keysym.h presence
configure:5519: g++ -E  conftest.cpp
configure:5519: $? = 0
configure:5519: result: yes
configure:5519: checking for X11/keysym.h
configure:5519: result: yes
configure:5527: checking plib/ssg.h usability
configure:5527: g++ -c -g -O2 -Wall -fPIC -fno-strict-aliasing -O2 -DUSE_RANDR_EXT -DGL_GLEXT_PROTOTYPES  conftest.cpp >&5
configure:5527: $? = 0
configure:5527: result: yes
configure:5527: checking plib/ssg.h presence
configure:5527: g++ -E  conftest.cpp
configure:5527: $? = 0
configure:5527: result: yes
configure:5527: checking for plib/ssg.h
configure:5527: result: yes
configure:5535: checking plib/ul.h usability
configure:5535: g++ -c -g -O2 -Wall -fPIC -fno-strict-aliasing -O2 -DUSE_RANDR_EXT -DGL_GLEXT_PROTOTYPES  conftest.cpp >&5
configure:5535: $? = 0
configure:5535: result: yes
configure:5535: checking plib/ul.h presence
configure:5535: g++ -E  conftest.cpp
configure:5535: $? = 0
configure:5535: result: yes
configure:5535: checking for plib/ul.h
configure:5535: result: yes
configure:5543: checking plib/ssgAux.h usability
configure:5543: g++ -c -g -O2 -Wall -fPIC -fno-strict-aliasing -O2 -DUSE_RANDR_EXT -DGL_GLEXT_PROTOTYPES  conftest.cpp >&5
configure:5543: $? = 0
configure:5543: result: yes
configure:5543: checking plib/ssgAux.h presence
configure:5543: g++ -E  conftest.cpp
configure:5543: $? = 0
configure:5543: result: yes
configure:5543: checking for plib/ssgAux.h
configure:5543: result: yes
configure:5551: checking plib/js.h usability
configure:5551: g++ -c -g -O2 -Wall -fPIC -fno-strict-aliasing -O2 -DUSE_RANDR_EXT -DGL_GLEXT_PROTOTYPES  conftest.cpp >&5
configure:5551: $? = 0
configure:5551: result: yes
configure:5551: checking plib/js.h presence
configure:5551: g++ -E  conftest.cpp
configure:5551: $? = 0
configure:5551: result: yes
configure:5551: checking for plib/js.h
configure:5551: result: yes
configure:5559: checking AL/al.h usability
configure:5559: g++ -c -g -O2 -Wall -fPIC -fno-strict-aliasing -O2 -DUSE_RANDR_EXT -DGL_GLEXT_PROTOTYPES  conftest.cpp >&5
configure:5559: $? = 0
configure:5559: result: yes
configure:5559: checking AL/al.h presence
configure:5559: g++ -E  conftest.cpp
configure:5559: $? = 0
configure:5559: result: yes
configure:5559: checking for AL/al.h
configure:5559: result: yes
configure:5567: checking AL/alut.h usability
configure:5567: g++ -c -g -O2 -Wall -fPIC -fno-strict-aliasing -O2 -DUSE_RANDR_EXT -DGL_GLEXT_PROTOTYPES  conftest.cpp >&5
configure:5567: $? = 0
configure:5567: result: yes
configure:5567: checking AL/alut.h presence
configure:5567: g++ -E  conftest.cpp
configure:5567: $? = 0
configure:5567: result: yes
configure:5567: checking for AL/alut.h
configure:5567: result: yes
configure:5575: checking vorbis/vorbisfile.h usability
configure:5575: g++ -c -g -O2 -Wall -fPIC -fno-strict-aliasing -O2 -DUSE_RANDR_EXT -DGL_GLEXT_PROTOTYPES  conftest.cpp >&5
configure:5575: $? = 0
configure:5575: result: yes
configure:5575: checking vorbis/vorbisfile.h presence
configure:5575: g++ -E  conftest.cpp
configure:5575: $? = 0
configure:5575: result: yes
configure:5575: checking for vorbis/vorbisfile.h
configure:5575: result: yes
configure:5589: checking for sin in -lm
configure:5614: g++ -o conftest -g -O2 -Wall -fPIC -fno-strict-aliasing -O2 -DUSE_RANDR_EXT -DGL_GLEXT_PROTOTYPES   conftest.cpp -lm   >&5
configure:5614: $? = 0
configure:5623: result: yes
configure:5641: checking for XOpenDisplay in -lX11
configure:5666: g++ -o conftest -g -O2 -Wall -fPIC -fno-strict-aliasing -O2 -DUSE_RANDR_EXT -DGL_GLEXT_PROTOTYPES   conftest.cpp -lX11  -lm  >&5
configure:5666: $? = 0
configure:5675: result: yes
configure:5688: checking for XShmCreateImage in -lXext
configure:5713: g++ -o conftest -g -O2 -Wall -fPIC -fno-strict-aliasing -O2 -DUSE_RANDR_EXT -DGL_GLEXT_PROTOTYPES   conftest.cpp -lXext  -lX11 -lm  >&5
configure:5713: $? = 0
configure:5722: result: yes
configure:5735: checking for IceSetIOErrorHandler in -lICE
configure:5760: g++ -o conftest -g -O2 -Wall -fPIC -fno-strict-aliasing -O2 -DUSE_RANDR_EXT -DGL_GLEXT_PROTOTYPES   conftest.cpp -lICE  -lXext -lX11 -lm  >&5
configure:5760: $? = 0
configure:5769: result: yes
configure:5782: checking for SmsSetErrorHandler in -lSM
configure:5807: g++ -o conftest -g -O2 -Wall -fPIC -fno-strict-aliasing -O2 -DUSE_RANDR_EXT -DGL_GLEXT_PROTOTYPES   conftest.cpp -lSM  -lICE -lXext -lX11 -lm  >&5
configure:5807: $? = 0
configure:5816: result: yes
configure:5829: checking for XtDisplay in -lXt
configure:5854: g++ -o conftest -g -O2 -Wall -fPIC -fno-strict-aliasing -O2 -DUSE_RANDR_EXT -DGL_GLEXT_PROTOTYPES   conftest.cpp -lXt  -lSM -lICE -lXext -lX11 -lm  >&5
configure:5854: $? = 0
configure:5863: result: yes
configure:5876: checking for XOpenDevice in -lXi
configure:5901: g++ -o conftest -g -O2 -Wall -fPIC -fno-strict-aliasing -O2 -DUSE_RANDR_EXT -DGL_GLEXT_PROTOTYPES   conftest.cpp -lXi  -lXt -lSM -lICE -lXext -lX11 -lm  >&5
configure:5901: $? = 0
configure:5910: result: yes
configure:5923: checking for XmuSimpleErrorHandler in -lXmu
configure:5948: g++ -o conftest -g -O2 -Wall -fPIC -fno-strict-aliasing -O2 -DUSE_RANDR_EXT -DGL_GLEXT_PROTOTYPES   conftest.cpp -lXmu  -lXi -lXt -lSM -lICE -lXext -lX11 -lm  >&5
configure:5948: $? = 0
configure:5957: result: yes
configure:5970: checking for XF86VidModeSetViewPort in -lXxf86vm
configure:5995: g++ -o conftest -g -O2 -Wall -fPIC -fno-strict-aliasing -O2 -DUSE_RANDR_EXT -DGL_GLEXT_PROTOTYPES   conftest.cpp -lXxf86vm  -lXmu -lXi -lXt -lSM -lICE -lXext -lX11 -lm  >&5
configure:5995: $? = 0
configure:6004: result: yes
configure:6017: checking for XRenderSetSubpixelOrder in -lXrender
configure:6042: g++ -o conftest -g -O2 -Wall -fPIC -fno-strict-aliasing -O2 -DUSE_RANDR_EXT -DGL_GLEXT_PROTOTYPES   conftest.cpp -lXrender  -lXxf86vm -lXmu -lXi -lXt -lSM -lICE -lXext -lX11 -lm  >&5
configure:6042: $? = 0
configure:6051: result: yes
configure:6064: checking for XRRQueryVersion in -lXrandr
configure:6089: g++ -o conftest -g -O2 -Wall -fPIC -fno-strict-aliasing -O2 -DUSE_RANDR_EXT -DGL_GLEXT_PROTOTYPES   conftest.cpp -lXrandr  -lXrender -lXxf86vm -lXmu -lXi -lXt -lSM -lICE -lXext -lX11 -lm  >&5
configure:6089: $? = 0
configure:6098: result: yes
configure:6111: checking for alEnable in -lopenal
configure:6136: g++ -o conftest -g -O2 -Wall -fPIC -fno-strict-aliasing -O2 -DUSE_RANDR_EXT -DGL_GLEXT_PROTOTYPES   conftest.cpp -lopenal  -lXrandr -lXrender -lXxf86vm -lXmu -lXi -lXt -lSM -lICE -lXext -lX11 -lm  >&5
configure:6136: $? = 0
configure:6145: result: yes
configure:6153: checking for alutLoadWAVFile in -lalut
configure:6178: g++ -o conftest -g -O2 -Wall -fPIC -fno-strict-aliasing -O2 -DUSE_RANDR_EXT -DGL_GLEXT_PROTOTYPES   -lopenal conftest.cpp -lalut  -lXrandr -lXrender -lXxf86vm -lXmu -lXi -lXt -lSM -lICE -lXext -lX11 -lm  >&5
configure:6178: $? = 0
configure:6187: result: yes
configure:6195: checking for ov_fopen in -lvorbisfile
configure:6220: g++ -o conftest -g -O2 -Wall -fPIC -fno-strict-aliasing -O2 -DUSE_RANDR_EXT -DGL_GLEXT_PROTOTYPES   -lopenal -lalut conftest.cpp -lvorbisfile  -lXrandr -lXrender -lXxf86vm -lXmu -lXi -lXt -lSM -lICE -lXext -lX11 -lm  >&5
configure:6220: $? = 0
configure:6229: result: yes
configure:6238: checking for dlopen in -ldl
configure:6263: g++ -o conftest -g -O2 -Wall -fPIC -fno-strict-aliasing -O2 -DUSE_RANDR_EXT -DGL_GLEXT_PROTOTYPES   -lopenal -lalut -lvorbisfile conftest.cpp -ldl  -lXrandr -lXrender -lXxf86vm -lXmu -lXi -lXt -lSM -lICE -lXext -lX11 -lm  >&5
configure:6263: $? = 0
configure:6272: result: yes
configure:6283: checking for dlopen
configure:6283: g++ -o conftest -g -O2 -Wall -fPIC -fno-strict-aliasing -O2 -DUSE_RANDR_EXT -DGL_GLEXT_PROTOTYPES   -lopenal -lalut -lvorbisfile conftest.cpp -ldl -lXrandr -lXrender -lXxf86vm -lXmu -lXi -lXt -lSM -lICE -lXext -lX11 -lm  >&5
configure:6283: $? = 0
configure:6283: result: yes
configure:6293: checking for strndup
configure:6293: g++ -o conftest -g -O2 -Wall -fPIC -fno-strict-aliasing -O2 -DUSE_RANDR_EXT -DGL_GLEXT_PROTOTYPES   -lopenal -lalut -lvorbisfile conftest.cpp -ldl -lXrandr -lXrender -lXxf86vm -lXmu -lXi -lXt -lSM -lICE -lXext -lX11 -lm  >&5
configure:6293: $? = 0
configure:6293: result: yes
configure:6303: checking for crc32 in -lz
configure:6328: g++ -o conftest -g -O2 -Wall -fPIC -fno-strict-aliasing -O2 -DUSE_RANDR_EXT -DGL_GLEXT_PROTOTYPES   -lopenal -lalut -lvorbisfile conftest.cpp -lz  -ldl -lXrandr -lXrender -lXxf86vm -lXmu -lXi -lXt -lSM -lICE -lXext -lX11 -lm  >&5
configure:6328: $? = 0
configure:6337: result: yes
configure:6350: checking for png_init_io in -lpng
configure:6375: g++ -o conftest -g -O2 -Wall -fPIC -fno-strict-aliasing -O2 -DUSE_RANDR_EXT -DGL_GLEXT_PROTOTYPES   -lopenal -lalut -lvorbisfile conftest.cpp -lpng  -lz -ldl -lXrandr -lXrender -lXxf86vm -lXmu -lXi -lXt -lSM -lICE -lXext -lX11 -lm  >&5
configure:6375: $? = 0
configure:6384: result: yes
configure:6398: checking for glGetString in -lGL
configure:6423: g++ -o conftest -g -O2 -Wall -fPIC -fno-strict-aliasing -O2 -DUSE_RANDR_EXT -DGL_GLEXT_PROTOTYPES   -lopenal -lalut -lvorbisfile conftest.cpp -lGL  -lpng -lz -ldl -lXrandr -lXrender -lXxf86vm -lXmu -lXi -lXt -lSM -lICE -lXext -lX11 -lm  >&5
configure:6423: $? = 0
configure:6432: result: yes
configure:6445: checking for gluOrtho2D in -lGLU
configure:6470: g++ -o conftest -g -O2 -Wall -fPIC -fno-strict-aliasing -O2 -DUSE_RANDR_EXT -DGL_GLEXT_PROTOTYPES   -lopenal -lalut -lvorbisfile conftest.cpp -lGLU  -lGL -lpng -lz -ldl -lXrandr -lXrender -lXxf86vm -lXmu -lXi -lXt -lSM -lICE -lXext -lX11 -lm  >&5
configure:6470: $? = 0
configure:6479: result: yes
configure:6492: checking for glutSwapBuffers in -lglut
configure:6517: g++ -o conftest -g -O2 -Wall -fPIC -fno-strict-aliasing -O2 -DUSE_RANDR_EXT -DGL_GLEXT_PROTOTYPES   -lopenal -lalut -lvorbisfile conftest.cpp -lglut  -lGLU -lGL -lpng -lz -ldl -lXrandr -lXrender -lXxf86vm -lXmu -lXi -lXt -lSM -lICE -lXext -lX11 -lm  >&5
configure:6517: $? = 0
configure:6526: result: yes
configure:6540: checking for main in -lplibul
configure:6559: g++ -o conftest -g -O2 -Wall -fPIC -fno-strict-aliasing -O2 -DUSE_RANDR_EXT -DGL_GLEXT_PROTOTYPES   -lopenal -lalut -lvorbisfile conftest.cpp -lplibul  -lglut -lGLU -lGL -lpng -lz -ldl -lXrandr -lXrender -lXxf86vm -lXmu -lXi -lXt -lSM -lICE -lXext -lX11 -lm  >&5
configure:6559: $? = 0
configure:6568: result: yes
configure:6581: checking for main in -lplibsg
configure:6600: g++ -o conftest -g -O2 -Wall -fPIC -fno-strict-aliasing -O2 -DUSE_RANDR_EXT -DGL_GLEXT_PROTOTYPES   -lopenal -lalut -lvorbisfile conftest.cpp -lplibsg  -lplibul -lglut -lGLU -lGL -lpng -lz -ldl -lXrandr -lXrender -lXxf86vm -lXmu -lXi -lXt -lSM -lICE -lXext -lX11 -lm  >&5
configure:6600: $? = 0
configure:6609: result: yes
configure:6622: checking for main in -lplibsl
configure:6641: g++ -o conftest -g -O2 -Wall -fPIC -fno-strict-aliasing -O2 -DUSE_RANDR_EXT -DGL_GLEXT_PROTOTYPES   -lopenal -lalut -lvorbisfile conftest.cpp -lplibsl  -lplibsg -lplibul -lglut -lGLU -lGL -lpng -lz -ldl -lXrandr -lXrender -lXxf86vm -lXmu -lXi -lXt -lSM -lICE -lXext -lX11 -lm  >&5
configure:6641: $? = 0
configure:6650: result: yes
configure:6663: checking for main in -lplibsm
configure:6682: g++ -o conftest -g -O2 -Wall -fPIC -fno-strict-aliasing -O2 -DUSE_RANDR_EXT -DGL_GLEXT_PROTOTYPES   -lopenal -lalut -lvorbisfile conftest.cpp -lplibsm  -lplibsl -lplibsg -lplibul -lglut -lGLU -lGL -lpng -lz -ldl -lXrandr -lXrender -lXxf86vm -lXmu -lXi -lXt -lSM -lICE -lXext -lX11 -lm  >&5
configure:6682: $? = 0
configure:6691: result: yes
configure:6704: checking for main in -lplibssg
configure:6723: g++ -o conftest -g -O2 -Wall -fPIC -fno-strict-aliasing -O2 -DUSE_RANDR_EXT -DGL_GLEXT_PROTOTYPES   -lopenal -lalut -lvorbisfile conftest.cpp -lplibssg  -lplibsm -lplibsl -lplibsg -lplibul -lglut -lGLU -lGL -lpng -lz -ldl -lXrandr -lXrender -lXxf86vm -lXmu -lXi -lXt -lSM -lICE -lXext -lX11 -lm  >&5
configure:6723: $? = 0
configure:6732: result: yes
configure:6745: checking for main in -lplibssgaux
configure:6764: g++ -o conftest -g -O2 -Wall -fPIC -fno-strict-aliasing -O2 -DUSE_RANDR_EXT -DGL_GLEXT_PROTOTYPES   -lopenal -lalut -lvorbisfile conftest.cpp -lplibssgaux  -lplibssg -lplibsm -lplibsl -lplibsg -lplibul -lglut -lGLU -lGL -lpng -lz -ldl -lXrandr -lXrender -lXxf86vm -lXmu -lXi -lXt -lSM -lICE -lXext -lX11 -lm  >&5
configure:6764: $? = 0
configure:6773: result: yes
configure:6786: checking for main in -lplibjs
configure:6805: g++ -o conftest -g -O2 -Wall -fPIC -fno-strict-aliasing -O2 -DUSE_RANDR_EXT -DGL_GLEXT_PROTOTYPES   -lopenal -lalut -lvorbisfile conftest.cpp -lplibjs  -lplibssgaux -lplibssg -lplibsm -lplibsl -lplibsg -lplibul -lglut -lGLU -lGL -lpng -lz -ldl -lXrandr -lXrender -lXxf86vm -lXmu -lXi -lXt -lSM -lICE -lXext -lX11 -lm  >&5
configure:6805: $? = 0
configure:6814: result: yes
configure:6829: checking for plib 1.8.3 or newer
configure:6850: g++ -o conftest -g -O2 -Wall -fPIC -fno-strict-aliasing -O2 -DUSE_RANDR_EXT -DGL_GLEXT_PROTOTYPES   -lopenal -lalut -lvorbisfile conftest.cpp -lplibjs -lplibssgaux -lplibssg -lplibsm -lplibsl -lplibsg -lplibul -lglut -lGLU -lGL -lpng -lz -ldl -lXrandr -lXrender -lXxf86vm -lXmu -lXi -lXt -lSM -lICE -lXext -lX11 -lm  >&5
configure:6850: $? = 0
configure:6850: ./conftest
configure:6850: $? = 0
configure:6851: result: yes
configure:6864: checking for GL_VERSION_1_3
configure:6884: g++ -o conftest -g -O2 -Wall -fPIC -fno-strict-aliasing -O2 -DUSE_RANDR_EXT -DGL_GLEXT_PROTOTYPES   -lopenal -lalut -lvorbisfile conftest.cpp -lplibjs -lplibssgaux -lplibssg -lplibsm -lplibsl -lplibsg -lplibul -lglut -lGLU -lGL -lpng -lz -ldl -lXrandr -lXrender -lXxf86vm -lXmu -lXi -lXt -lSM -lICE -lXext -lX11 -lm  >&5
configure:6884: $? = 0
configure:6884: ./conftest
configure:6884: $? = 0
configure:6885: result: yes
configure:6897: checking for GL_ARB_texture_compression
configure:6917: g++ -o conftest -g -O2 -Wall -fPIC -fno-strict-aliasing -O2 -DUSE_RANDR_EXT -DGL_GLEXT_PROTOTYPES   -lopenal -lalut -lvorbisfile conftest.cpp -lplibjs -lplibssgaux -lplibssg -lplibsm -lplibsl -lplibsg -lplibul -lglut -lGLU -lGL -lpng -lz -ldl -lXrandr -lXrender -lXxf86vm -lXmu -lXi -lXt -lSM -lICE -lXext -lX11 -lm  >&5
configure:6917: $? = 0
configure:6917: ./conftest
configure:6917: $? = 0
configure:6918: result: yes
configure:7048: checking that generated files are newer than configure
configure:7054: result: done
configure:7082: creating ./config.status

## ---------------------- ##
## Running config.status. ##
## ---------------------- ##

This file was extended by config.status, which was
generated by GNU Autoconf 2.69.  Invocation command line was

  CONFIG_FILES    = 
  CONFIG_HEADERS  = 
  CONFIG_LINKS    = 
  CONFIG_COMMANDS = 
  $ ./config.status 

on yurongyou

config.status:907: creating Make-config
config.status:907: creating src/linux/torcs
config.status:907: creating src/tools/accc/accc
config.status:907: creating src/tools/nfs2ac/nfs2ac
config.status:907: creating src/tools/nfsperf/nfsperf
config.status:907: creating src/tools/texmapper/texmapper
config.status:907: creating src/tools/trackgen/trackgen
config.status:907: creating src/doc/torcsdoc.conf
config.status:907: creating src/tools/package/specfiles/torcs-data.spec
config.status:907: creating src/tools/package/specfiles/torcs-data-cars-Patwo-Design.spec
config.status:907: creating src/tools/package/specfiles/torcs-data-cars-kcendra-gt.spec
config.status:907: creating src/tools/package/specfiles/torcs-data-cars-kcendra-sport.spec
config.status:907: creating src/tools/package/specfiles/torcs-data-cars-kcendra-roadsters.spec
config.status:907: creating src/tools/package/specfiles/torcs-data-cars-extra.spec
config.status:907: creating src/tools/package/specfiles/torcs-data-tracks-base.spec
config.status:907: creating src/tools/package/specfiles/torcs-robot-K1999.spec
config.status:907: creating src/tools/package/specfiles/torcs-robot-base.spec
config.status:907: creating src/tools/package/specfiles/torcs.spec
config.status:907: creating config.h
config.status:1088: config.h is unchanged
config.status:1136: executing depfiles commands

## ---------------- ##
## Cache variables. ##
## ---------------- ##

ac_cv_c_bigendian=no
ac_cv_c_compiler_gnu=yes
ac_cv_c_const=yes
ac_cv_c_inline=inline
ac_cv_cxx_compiler_gnu=yes
ac_cv_env_CCC_set=
ac_cv_env_CCC_value=
ac_cv_env_CC_set=
ac_cv_env_CC_value=
ac_cv_env_CFLAGS_set=
ac_cv_env_CFLAGS_value=
ac_cv_env_CPPFLAGS_set=
ac_cv_env_CPPFLAGS_value=
ac_cv_env_CPP_set=
ac_cv_env_CPP_value=
ac_cv_env_CXXCPP_set=
ac_cv_env_CXXCPP_value=
ac_cv_env_CXXFLAGS_set=
ac_cv_env_CXXFLAGS_value=
ac_cv_env_CXX_set=
ac_cv_env_CXX_value=
ac_cv_env_LDFLAGS_set=
ac_cv_env_LDFLAGS_value=
ac_cv_env_LIBS_set=
ac_cv_env_LIBS_value=
ac_cv_env_XMKMF_set=
ac_cv_env_XMKMF_value=
ac_cv_env_build_alias_set=
ac_cv_env_build_alias_value=
ac_cv_env_host_alias_set=
ac_cv_env_host_alias_value=
ac_cv_env_target_alias_set=
ac_cv_env_target_alias_value=
ac_cv_func_dlopen=yes
ac_cv_func_strndup=yes
ac_cv_have_x='have_x=yes	ac_x_includes='\'''\''	ac_x_libraries='\'''\'''
ac_cv_header_AL_al_h=yes
ac_cv_header_AL_alut_h=yes
ac_cv_header_GL_gl_h=yes
ac_cv_header_GL_glut_h=yes
ac_cv_header_GL_glx_h=yes
ac_cv_header_X11_Xatom_h=yes
ac_cv_header_X11_Xlib_h=yes
ac_cv_header_X11_keysym_h=yes
ac_cv_header_inttypes_h=yes
ac_cv_header_memory_h=yes
ac_cv_header_plib_js_h=yes
ac_cv_header_plib_ssgAux_h=yes
ac_cv_header_plib_ssg_h=yes
ac_cv_header_plib_ul_h=yes
ac_cv_header_stdc=yes
ac_cv_header_stdint_h=yes
ac_cv_header_stdlib_h=yes
ac_cv_header_string_h=yes
ac_cv_header_strings_h=yes
ac_cv_header_sys_stat_h=yes
ac_cv_header_sys_types_h=yes
ac_cv_header_time=yes
ac_cv_header_unistd_h=yes
ac_cv_header_vorbis_vorbisfile_h=yes
ac_cv_lib_GLU_gluOrtho2D=yes
ac_cv_lib_GL_glGetString=yes
ac_cv_lib_ICE_IceSetIOErrorHandler=yes
ac_cv_lib_SM_SmsSetErrorHandler=yes
ac_cv_lib_X11_XOpenDisplay=yes
ac_cv_lib_Xext_XShmCreateImage=yes
ac_cv_lib_Xi_XOpenDevice=yes
ac_cv_lib_Xmu_XmuSimpleErrorHandler=yes
ac_cv_lib_Xrandr_XRRQueryVersion=yes
ac_cv_lib_Xrender_XRenderSetSubpixelOrder=yes
ac_cv_lib_Xt_XtDisplay=yes
ac_cv_lib_Xxf86vm_XF86VidModeSetViewPort=yes
ac_cv_lib_alut_alutLoadWAVFile=yes
ac_cv_lib_dl_dlopen=yes
ac_cv_lib_glut_glutSwapBuffers=yes
ac_cv_lib_m_sin=yes
ac_cv_lib_openal_alEnable=yes
ac_cv_lib_plibjs_main=yes
ac_cv_lib_plibsg_main=yes
ac_cv_lib_plibsl_main=yes
ac_cv_lib_plibsm_main=yes
ac_cv_lib_plibssg_main=yes
ac_cv_lib_plibssgaux_main=yes
ac_cv_lib_plibul_main=yes
ac_cv_lib_png_png_init_io=yes
ac_cv_lib_vorbisfile_ov_fopen=yes
ac_cv_lib_z_crc32=yes
ac_cv_objext=o
ac_cv_path_EGREP='/bin/grep -E'
ac_cv_path_GREP=/bin/grep
ac_cv_path_install='/usr/bin/install -c'
ac_cv_path_mkdir=/bin/mkdir
ac_cv_prog_AR=ar
ac_cv_prog_AWK=mawk
ac_cv_prog_CPP='gcc -E'
ac_cv_prog_CXXCPP='g++ -E'
ac_cv_prog_LD=ld
ac_cv_prog_ac_ct_CC=gcc
ac_cv_prog_ac_ct_CXX=g++
ac_cv_prog_ac_ct_RANLIB=ranlib
ac_cv_prog_cc_c89=
ac_cv_prog_cc_g=yes
ac_cv_prog_cxx_g=yes
ac_cv_prog_make_make_set=yes
am_cv_CC_dependencies_compiler_type=none
am_cv_CXX_dependencies_compiler_type=none

## ----------------- ##
## Output variables. ##
## ----------------- ##

ACLOCAL='${SHELL} /home/ficos/TORCS_env/torcs-1.3.6/missing --run aclocal-1.12'
AMDEPBACKSLASH='\'
AMDEP_FALSE='#'
AMDEP_TRUE=''
AMTAR='$${TAR-tar}'
AR='ar'
AUTOCONF='${SHELL} /home/ficos/TORCS_env/torcs-1.3.6/missing --run autoconf'
AUTOHEADER='${SHELL} /home/ficos/TORCS_env/torcs-1.3.6/missing --run autoheader'
AUTOMAKE='${SHELL} /home/ficos/TORCS_env/torcs-1.3.6/missing --run automake-1.12'
AWK='mawk'
CC='gcc'
CCDEPMODE='depmode=none'
CFLAGS='-g -O2 -Wall -fPIC -fno-strict-aliasing -O2 -DUSE_RANDR_EXT -DGL_GLEXT_PROTOTYPES -Wall -fPIC -fno-strict-aliasing -O2 -DUSE_RANDR_EXT -DGL_GLEXT_PROTOTYPES'
CPP='gcc -E'
CPPFLAGS=''
CXX='g++'
CXXCPP='g++ -E'
CXXDEPMODE='depmode=none'
CXXFLAGS='-g -O2 -Wall -fPIC -fno-strict-aliasing -O2 -DUSE_RANDR_EXT -DGL_GLEXT_PROTOTYPES -Wall -fPIC -fno-strict-aliasing -O2 -DUSE_RANDR_EXT -DGL_GLEXT_PROTOTYPES'
CYGPATH_W='echo'
DEFS='-DHAVE_CONFIG_H'
DEPDIR='.deps'
ECHO_C=''
ECHO_N='-n'
ECHO_T=''
EGREP='/bin/grep -E'
EXEEXT=''
GREP='/bin/grep'
INSTALL_DATA='${INSTALL} -m 644'
INSTALL_PROGRAM='${INSTALL}'
INSTALL_SCRIPT='${INSTALL}'
INSTALL_STRIP_PROGRAM='$(install_sh) -c -s'
LD='ld'
LDFLAGS=' -lopenal -lalut -lvorbisfile'
LIBOBJS=''
LIBS='-lplibjs -lplibssgaux -lplibssg -lplibsm -lplibsl -lplibsg -lplibul -lglut -lGLU -lGL -lpng -lz -ldl -lXrandr -lXrender -lXxf86vm -lXmu -lXi -lXt -lSM -lICE -lXext -lX11 -lm '
LTLIBOBJS=''
MAKEINFO='${SHELL} /home/ficos/TORCS_env/torcs-1.3.6/missing --run makeinfo'
MKDIR_P='/bin/mkdir -p'
OBJEXT='o'
PACKAGE='torcs'
PACKAGE_BUGREPORT=''
PACKAGE_NAME=''
PACKAGE_STRING=''
PACKAGE_TARNAME=''
PACKAGE_URL=''
PACKAGE_VERSION=''
PATH_SEPARATOR=':'
RANLIB='ranlib'
SET_MAKE=''
SHELL='/bin/bash'
STRIP=''
TORCS_BASE='/home/ficos/TORCS_env/torcs-1.3.6'
VERSION='1.3.6'
XMKMF=''
ac_ct_CC='gcc'
ac_ct_CXX='g++'
am__EXEEXT_FALSE=''
am__EXEEXT_TRUE='#'
am__fastdepCC_FALSE=''
am__fastdepCC_TRUE='#'
am__fastdepCXX_FALSE=''
am__fastdepCXX_TRUE='#'
am__include='include'
am__isrc=''
am__leading_dot='.'
am__nodep='_no'
am__quote=''
am__tar='$${TAR-tar} chof - "$$tardir"'
am__untar='$${TAR-tar} xf -'
bindir='${exec_prefix}/bin'
build_alias=''
datadir='${datarootdir}'
datarootdir='${prefix}/share'
docdir='${datarootdir}/doc/${PACKAGE}'
dvidir='${docdir}'
exec_prefix='${prefix}'
host_alias=''
htmldir='${docdir}'
includedir='${prefix}/include'
infodir='${datarootdir}/info'
install_sh='${SHELL} /home/ficos/TORCS_env/torcs-1.3.6/install-sh'
libdir='${exec_prefix}/lib'
libexecdir='${exec_prefix}/libexec'
localedir='${datarootdir}/locale'
localstatedir='${prefix}/var'
mandir='${datarootdir}/man'
mkdir_p='/bin/mkdir -p'
oldincludedir='/usr/include'
pdfdir='${docdir}'
prefix='/usr/local'
program_transform_name='s,x,x,'
psdir='${docdir}'
runstatedir='${localstatedir}/run'
sbindir='${exec_prefix}/sbin'
sharedstatedir='${prefix}/com'
sysconfdir='${prefix}/etc'
target_alias=''

## ----------- ##
## confdefs.h. ##
## ----------- ##

/* confdefs.h */
#define PACKAGE_NAME ""
#define PACKAGE_TARNAME ""
#define PACKAGE_VERSION ""
#define PACKAGE_STRING ""
#define PACKAGE_BUGREPORT ""
#define PACKAGE_URL ""
#define PACKAGE "torcs"
#define VERSION "1.3.6"
#define STDC_HEADERS 1
#define TIME_WITH_SYS_TIME 1
#define HAVE_SYS_TYPES_H 1
#define HAVE_SYS_STAT_H 1
#define HAVE_STDLIB_H 1
#define HAVE_STRING_H 1
#define HAVE_MEMORY_H 1
#define HAVE_STRINGS_H 1
#define HAVE_INTTYPES_H 1
#define HAVE_STDINT_H 1
#define HAVE_UNISTD_H 1
#define HAVE_LIBM 1
#define HAVE_LIBX11 1
#define HAVE_LIBXEXT 1
#define HAVE_LIBICE 1
#define HAVE_LIBSM 1
#define HAVE_LIBXT 1
#define HAVE_LIBXI 1
#define HAVE_LIBXMU 1
#define HAVE_LIBXXF86VM 1
#define HAVE_LIBXRENDER 1
#define HAVE_LIBXRANDR 1
#define HAVE_LIBDL 1
#define HAVE_STRNDUP 1
#define HAVE_LIBZ 1
#define HAVE_LIBPNG 1
#define HAVE_LIBGL 1
#define HAVE_LIBGLU 1
#define HAVE_LIBGLUT 1
#define HAVE_LIBPLIBUL 1
#define HAVE_LIBPLIBSG 1
#define HAVE_LIBPLIBSL 1
#define HAVE_LIBPLIBSM 1
#define HAVE_LIBPLIBSSG 1
#define HAVE_LIBPLIBSSGAUX 1
#define HAVE_LIBPLIBJS 1

configure: exit 0
